03/10/15 09:40:35 
4EM20v30s

 Number of Variables . . . . . . . . . . . . . 20
 Number of Samples . . . . . . . . . . . . . . 30
 Cum sums sqrs . . . . . . . . . . . . . . . . 100.0
 Data transformation option  . . . . . . . . . 2
 Print Option  . . . . . . . . . . . . . . . . complete
 Proportion to constant sum of 100 option  . . Y
 Manually defined range. . . . . . . . . . . . no


 The data will be proportioned to a constant sum of 100.
4EM20v30s

           The following are the input vectors

                  1      2      3      4      5      6      7      8      9     10     11     12     13     14     15     16     17     18     19     20 
 s1            50.70   1.11  15.05   7.80   9.54   6.68   2.72   2.88   1.61   0.40   0.03   0.25   0.03   0.06   0.03   0.25   0.18   0.12   0.20   0.36
 s2            50.50   0.66  11.48   9.02  14.36   4.35   2.01   2.59   3.25   0.23   0.02   0.15   0.12   0.04   0.02   0.11   0.24   0.28   0.29   0.27
 s3            47.50   0.85  10.75  10.40  16.13   5.31   1.74   2.06   3.51   0.32   0.01   0.08   0.12   0.06   0.01   0.23   0.30   0.25   0.21   0.16
 s4            57.20   0.90  15.32   5.68   6.01   5.29   2.80   3.50   1.32   0.29   0.03   0.24   0.03   0.03   0.02   0.09   0.10   0.29   0.47   0.40
 s5            50.30   0.80  12.78   8.62  12.87   5.12   2.29   2.71   2.69   0.28   0.02   0.20   0.09   0.05   0.02   0.16   0.22   0.21   0.24   0.32
 s6            51.50   1.14  14.72   7.78   9.19   6.70   2.59   2.81   1.65   0.41   0.02   0.20   0.03   0.05   0.02   0.26   0.18   0.17   0.26   0.31
 s7            56.30   0.87  13.49   6.76   8.21   5.01   2.32   3.08   2.03   0.28   0.01   0.13   0.06   0.03   0.01   0.10   0.14   0.37   0.51   0.28
 s8            41.30   0.33   6.47  13.48  25.61   3.09   1.00   1.40   5.81   0.15   0.01   0.06   0.24   0.07   0.01   0.14   0.43   0.25   0.03   0.12
 s9            43.80   0.42   7.64  12.36  22.71   3.41   1.22   1.68   5.18   0.17   0.01   0.07   0.21   0.06   0.01   0.13   0.38   0.27   0.11   0.15
 s10           60.15   0.94  14.60   5.28   4.61   5.11   2.51   3.44   1.37   0.29   0.01   0.12   0.03   0.02   0.01   0.07   0.08   0.44   0.66   0.29
 s11           55.00   1.12  14.26   7.04   7.43   6.27   2.40   2.90   1.62   0.39   0.01   0.12   0.03   0.04   0.01   0.21   0.15   0.31   0.45   0.24
 s12           44.40   0.59   8.61  11.94  20.87   4.20   1.37   1.73   4.66   0.23   0.01   0.07   0.18   0.06   0.01   0.18   0.36   0.25   0.12   0.14
 s13           58.60   1.10  15.96   5.24   3.82   6.10   2.82   3.48   0.84   0.36   0.02   0.19   0.00   0.03   0.02   0.14   0.08   0.32   0.54   0.35
 s14           50.50   0.66  11.48   9.02  14.36   4.35   2.01   2.59   3.25   0.23   0.02   0.15   0.12   0.04   0.02   0.11   0.24   0.28   0.29   0.27
 s15           45.70   0.34   7.84  11.66  21.65   2.94   1.29   1.91   5.07   0.13   0.01   0.08   0.21   0.05   0.01   0.08   0.36   0.31   0.18   0.18
 s16           46.10   1.69  14.23  10.12  10.89   9.41   2.20   1.80   1.65   0.65   0.01   0.06   0.00   0.08   0.01   0.54   0.27   0.09   0.11   0.09
 s17           39.00   0.10   4.00  15.00  30.00   2.00   0.50   1.00   7.00   0.07   0.00   0.00   0.30   0.07   0.00   0.10   0.50   0.30   0.00   0.05
 s18           64.00   1.00  15.70   3.80   1.00   5.20   2.70   3.80   0.70   0.30   0.01   0.11   0.00   0.00   0.01   0.04   0.02   0.50   0.80   0.31
 s19           45.00   1.80  13.70  10.80  11.60   9.90   2.00   1.50   1.80   0.70   0.00   0.00   0.00   0.08   0.00   0.60   0.30   0.10   0.10   0.01
 s20           56.00   0.70  19.00   4.00   4.50   5.00   4.00   4.50   0.30   0.20   0.07   0.60   0.00   0.04   0.06   0.00   0.02   0.01   0.20   0.80
 s21           52.90   0.90  12.59   8.13  11.01   5.29   2.12   2.68   2.52   0.31   0.01   0.11   0.08   0.04   0.01   0.16   0.20   0.32   0.39   0.23
 s22           57.00   0.75  12.42   6.94   9.12   4.30   2.08   3.02   2.46   0.24   0.01   0.08   0.08   0.02   0.01   0.06   0.15   0.44   0.58   0.24
 s23           54.39   0.69  17.61   5.08   6.72   4.91   3.65   4.12   0.89   0.21   0.06   0.53   0.03   0.04   0.05   0.03   0.06   0.04   0.19   0.71
 s24           51.00   0.90  13.10   8.40  11.78   5.53   2.30   2.70   2.45   0.32   0.02   0.18   0.08   0.05   0.02   0.19   0.21   0.23   0.28   0.29
 s25           47.80   0.71  11.61   9.74  15.77   4.80   2.07   2.43   3.32   0.26   0.02   0.19   0.12   0.06   0.02   0.16   0.27   0.19   0.16   0.29
 s26           53.30   1.06  12.76   8.14   9.98   5.97   2.05   2.55   2.29   0.37   0.01   0.06   0.06   0.04   0.01   0.22   0.20   0.34   0.43   0.17
 s27           54.84   1.16  16.01   6.29   5.94   6.65   2.88   3.24   0.99   0.40   0.03   0.23   0.01   0.04   0.02   0.21   0.12   0.20   0.36   0.37
 s28           60.05   1.00  15.24   5.08   3.86   5.49   2.65   3.50   1.09   0.32   0.01   0.14   0.02   0.02   0.01   0.10   0.07   0.40   0.63   0.31
 s29           44.55   0.52   9.04  11.61  20.69   3.94   1.53   1.92   4.57   0.20   0.02   0.13   0.18   0.06   0.01   0.15   0.35   0.22   0.10   0.21
 s30           45.50   1.52  13.26  10.54  12.73   8.62   2.05   1.75   2.17   0.59   0.01   0.06   0.03   0.07   0.01   0.49   0.29   0.11   0.10   0.09
4EM20v30s

 General Statistics for Untransformed data

 Variable                              Standard     Minimum        Maximum
  Number                   Average     Deviation     Value          Value
    1  v1                    51.16        6.02       39.00          64.00
    2  v2                     0.88        0.37        0.10           1.80
    3  v3                    12.69        3.32        4.00          19.00
    4  v4                     8.52        2.83        3.80          15.00
    5  v5                    12.10        6.94        1.00          30.00
    6  v6                     5.36        1.71        2.00           9.90
    7  v7                     2.20        0.71        0.50           4.00
    8  v8                     2.64        0.84        1.00           4.50
    9  v9                     2.60        1.64        0.30           7.00
   10  v10                    0.31        0.14        0.07           0.70
   11  v11                    0.02        0.01        0.00           0.07
   12  v12                    0.15        0.13        0.00           0.60
   13  v13                    0.08        0.08        0.00           0.30
   14  v14                    0.05        0.02        0.00           0.08
   15  v15                    0.02        0.01        0.00           0.06
   16  v16                    0.18        0.14        0.00           0.60
   17  v17                    0.22        0.12        0.02           0.50
   18  v18                    0.25        0.12        0.01           0.50
   19  v19                    0.30        0.20        0.00           0.80
   20  v20                    0.27        0.16        0.01           0.80

     Variables transformed to interval of their range
4EM20v30s

 General Statistics for Transformed Data

 Variable                              Standard     Minimum        Maximum
  Number                    Average    Deviation     Value          Value
    1  v1                     0.49        0.24       -0.00           1.00
    2  v2                     0.46        0.22       -0.00           1.00
    3  v3                     0.58        0.22       -0.00           1.00
    4  v4                     0.42        0.25        0.00           1.00
    5  v5                     0.38        0.24        0.00           1.00
    6  v6                     0.43        0.22       -0.00           1.00
    7  v7                     0.48        0.20       -0.00           1.00
    8  v8                     0.47        0.24       -0.00           1.00
    9  v9                     0.34        0.24        0.00           1.00
   10  v10                    0.38        0.22       -0.00           1.00
   11  v11                    0.23        0.22       -0.00           1.00
   12  v12                    0.26        0.21        0.00           1.00
   13  v13                    0.28        0.27        0.00           1.00
   14  v14                    0.57        0.24        0.00           1.00
   15  v15                    0.26        0.21       -0.00           1.00
   16  v16                    0.30        0.23        0.00           1.00
   17  v17                    0.41        0.25        0.00           1.00
   18  v18                    0.50        0.24        0.00           1.00
   19  v19                    0.37        0.25       -0.00           1.00
   20  v20                    0.33        0.21       -0.00           1.00
4EM20v30s

    No.            Eigenvalue    Cum. Var 
     1                23.8484      79.49
     2                 3.7834      92.11
     3                 1.3497      96.60
     4                 1.0185     100.00
     5                 0.0000     100.00
4EM20v30s

                  Principal Axis Coordinates 

               COMM.    1      2      3      4      5      6      7      8      9     10     11     12     13     14     15     16     17     18     19     20   
 s1            1.00    0.95  -0.14  -0.22   0.17   0.00   0.00   0.00   0.00   0.00   0.00   0.00   0.00   0.00   0.00   0.00   0.00   0.00   0.00   0.00   0.00
 s2            1.00    0.98   0.11   0.13   0.05  29.00   7.90   3.50   3.50   6.70   0.63   0.07   0.60   0.30   0.08   0.06   0.60   0.48   0.49   0.80   0.79
 s3            1.00    0.96   0.28  -0.06  -0.06   1.00   1.00   1.00   1.00   1.00   1.00   1.00   1.00   1.00   1.00   1.00   1.00   1.00   1.00   1.00   1.00
 s4            1.00    0.92  -0.36   0.10   0.06   0.03   0.13   0.35   0.35  -0.01   0.07   0.36   0.36  -0.00   0.16   0.36  -0.00  -0.01  -0.01   0.08   0.35
 s5            1.00    0.99   0.02  -0.01   0.13   0.00   0.00   0.00   0.00   0.00   0.00 52770382091391903000000000000000000000000000000000000000000000000000000000000000000000000000000000000000000000000000000000000000000000000000000000000000000000000000000000000000000000000000000000000000000000000000000000000000000000000000000000.00 52770382091391903000000000000000000000000000000000000000000000000000000000000000000000000000000000000000000000000000000000000000000000000000000000000000000000000000000000000000000000000000000000000000000000000000000000000000000000000000000000.00 52770382091391903000000000000000000000000000000000000000000000000000000000000000000000000000000000000000000000000000000000000000000000000000000000000000000000000000000000000000000000000000000000000000000000000000000000000000000000000000000000.00 52770382091391903000000000000000000000000000000000000000000000000000000000000000000000000000000000000000000000000000000000000000000000000000000000000000000000000000000000000000000000000000000000000000000000000000000000000000000000000000000000.00 52770382091391903000000000000000000000000000000000000000000000000000000000000000000000000000000000000000000000000000000000000000000000000000000000000000000000000000000000000000000000000000000000000000000000000000000000000000000000000000000000.00 52770382091391903000000000000000000000000000000000000000000000000000000000000000000000000000000000000000000000000000000000000000000000000000000000000000000000000000000000000000000000000000000000000000000000000000000000000000000000000000000000.00 52770382091391903000000000000000000000000000000000000000000000000000000000000000000000000000000000000000000000000000000000000000000000000000000000000000000000000000000000000000000000000000000000000000000000000000000000000000000000000000000000.00 52770382091391903000000000000000000000000000000000000000000000000000000000000000000000000000000000000000000000000000000000000000000000000000000000000000000000000000000000000000000000000000000000000000000000000000000000000000000000000000000000.00 52770382091391903000000000000000000000000000000000000000000000000000000000000000000000000000000000000000000000000000000000000000000000000000000000000000000000000000000000000000000000000000000000000000000000000000000000000000000000000000000000.00 52770382091391903000000000000000000000000000000000000000000000000000000000000000000000000000000000000000000000000000000000000000000000000000000000000000000000000000000000000000000000000000000000000000000000000000000000000000000000000000000000.00
 s6            1.00    0.97  -0.14  -0.20   0.07  12.73   8.62   2.05   1.75   2.17   0.59   0.01   0.06   0.03   0.07   0.01   0.49   0.29   0.11   0.10   0.09
 s7            1.00    0.95  -0.22   0.16  -0.13   1.00   2.00   0.50   1.00   0.30   0.07   0.00   0.00   0.00   0.00   0.00   0.00   0.02   0.01   0.00   0.01
 s8            1.00    0.73   0.67   0.12   0.05   0.00   0.00   0.00   0.00   0.00   0.00   0.00   0.00   0.00   0.00   0.00   0.00   0.00   0.00   0.00   0.00
 s9            1.00    0.81   0.57   0.13   0.03  29.00   7.90   3.50   3.50   6.70   0.63   0.07   0.60   0.30   0.08   0.06   0.60   0.48   0.49   0.80   0.79
 s10           1.00    0.88  -0.38   0.21  -0.20  48.14   2.94   0.51   0.70   2.69   0.02   0.00   0.02   0.01   0.00   0.00   0.02   0.01   0.01   0.04   0.03
 s11           1.00    0.96  -0.22  -0.05  -0.15   0.17   0.36   0.19   0.09   0.12   0.35   0.05   0.04   0.05   0.40   0.07   0.35   0.25   0.09   0.05   0.05
 s12           1.00    0.86   0.51   0.04   0.00  -0.00   0.00   0.00   0.00   0.00   0.00   0.00   0.00   0.00   0.00   0.00   0.00   0.00   0.00   0.00  23.85
 s13           1.00    0.90  -0.42   0.03  -0.07   0.15   0.00   0.00  -0.00  -0.00  -0.00  -0.00   0.00   0.00   0.00   0.00   0.00   0.00  -0.00   0.00   0.00
 s14           1.00    0.98   0.11   0.13   0.05   0.00   0.00   0.00   0.00   0.00   0.00   0.00   0.00   0.00   0.00   0.00   0.00   0.00   0.00   0.00   0.00
 s15           1.00    0.82   0.51   0.24   0.02   0.00   0.00   0.00   0.00   0.00   0.00   0.00   0.00   0.00   0.00   0.00   0.00   0.00   0.00   0.00   0.00
 s16           1.00    0.84   0.07  -0.53  -0.12   0.00   0.00   0.00   0.00   0.00   0.00   0.00   0.00   0.00   0.00   0.00   0.00   0.00   0.00   0.00   0.00
 s17           1.00    0.59   0.78   0.20   0.00   0.00   0.00   0.00   0.00   0.00   0.00   0.00   0.00   0.00   0.00   0.00   0.00   0.00   0.00   0.00   0.00
 s18           1.00    0.79  -0.51   0.25  -0.25   0.00   0.00   0.00   0.00   0.00   0.00   0.00   0.00   0.00   0.00   0.00   0.00   0.00   0.00   0.00   0.00
 s19           1.00    0.80   0.13  -0.56  -0.19   0.00   0.00   0.00   0.00   0.00   0.00   0.00   0.00   0.00   0.00   0.00   0.00   0.00   0.00   0.00   0.00
 s20           1.00    0.72  -0.44   0.02   0.54   0.00   0.00   0.00   0.00   0.00   0.00   0.00   0.00   0.00   0.00   0.00   0.00   0.00   0.00   0.00   0.00
 s21           1.00    0.99  -0.04   0.05  -0.11   0.00   0.00   0.00   0.00   0.00   0.00   0.00   0.00   0.00   0.00   0.00   0.00   0.00   0.00   0.00   0.00
 s22           1.00    0.92  -0.16   0.29  -0.22   0.00   0.00   0.00   0.00   0.00   0.00   0.00   0.00   0.00   0.00   0.00   0.00   0.00   0.00   0.00   0.00
 s23           1.00    0.77  -0.37   0.02   0.52   0.00   0.00   0.00   0.00   0.00   0.00   0.00   0.00   0.00   0.00   0.00   0.00   0.00   0.00   0.00   0.00
 s24           1.00    1.00  -0.02  -0.04   0.06   0.00   0.00   0.00   0.00   0.00   0.00   0.00   0.00   0.00   0.00   0.00   0.00   0.00   0.00   0.00   0.00
 s25           1.00    0.97   0.19  -0.01   0.17   0.00   0.00   0.00   0.00   0.00   0.00   0.00   0.00   0.00   0.00   0.00   0.00   0.00   0.00   0.00   0.00
 s26           1.00    0.97  -0.05  -0.02  -0.23   0.00   0.00   0.00   0.00   0.00   0.00   0.00   0.00   0.00   0.00   0.00   0.00   0.00   0.00   0.00   0.00
 s27           1.00    0.94  -0.32  -0.13   0.07   0.00   0.00   0.00   0.00   0.00   0.00   0.00   0.00   0.00   0.00   0.00   0.00   0.00   0.00   0.00   0.00
 s28           1.00    0.88  -0.42   0.15  -0.16   0.00   0.00   0.00   0.00   0.00   0.00   0.00   0.00   0.00   0.00   0.00   0.00   0.00   0.00   0.00   0.00
 s29           1.00    0.88   0.47   0.06   0.11   0.00   0.00   0.00   0.00   0.00   0.00   0.00   0.00   0.00   0.00   0.00   0.00   0.00   0.00   0.00   0.00
 s30           1.00    0.86   0.15  -0.47  -0.10   0.00   0.00   0.00   0.00   0.00   0.00   0.00   0.00   0.00   0.00   0.00   0.00   0.00   0.00   0.00   0.00

  Variance            79.49  12.61   4.50   3.40   0.15   0.15   0.15   0.15   0.15   0.15   0.15   0.15   0.15   0.15   0.15   0.15   0.15   0.15   0.15   0.15

  Cum Variance        79.49  92.11  96.60 100.00   0.17   0.36   0.19   0.09   0.12   0.35   0.05   0.04   0.05   0.40   0.07   0.35   0.25   0.09   0.05   0.05
4EM20v30s

           Principal Axis End-Member Composition Matrix 

  Var.                    1      2      3      4      5      6      7      8      9     10     11     12     13     14     15     16     17     18     19     20   
    1 v1                 0.27  -0.26   0.21  -0.13   0.20   0.20   0.20   0.20   0.20   0.20   0.20   0.20   0.20   0.20   0.20   0.20   0.20   0.20   0.20   0.20
    2 v2                 0.25  -0.11  -0.30  -0.19  -0.01  -0.01  -0.01  -0.01  -0.01  -0.01  -0.01  -0.01  -0.01  -0.01  -0.01  -0.01  -0.01  -0.01  -0.01  -0.01
    3 v3                 0.32  -0.22  -0.07   0.05   0.13   0.13   0.13   0.13   0.13   0.13   0.13   0.13   0.13   0.13   0.13   0.13   0.13   0.13   0.13   0.13
    4 v4                 0.23   0.35  -0.02  -0.01   0.37   0.37   0.37   0.37   0.37   0.37   0.37   0.37   0.37   0.37   0.37   0.37   0.37   0.37   0.37   0.37
    5 v5                 0.21   0.33   0.10   0.07  -0.09  -0.09  -0.09  -0.09  -0.09  -0.09  -0.09  -0.09  -0.09  -0.09  -0.09  -0.09  -0.09  -0.09  -0.09  -0.09
    6 v6                 0.23  -0.09  -0.34  -0.12  -0.05  -0.05  -0.05  -0.05  -0.05  -0.05  -0.05  -0.05  -0.05  -0.05  -0.05  -0.05  -0.05  -0.05  -0.05  -0.05
    7 v7                 0.26  -0.20  -0.01   0.14  -0.33  -0.33  -0.33  -0.33  -0.33  -0.33  -0.33  -0.33  -0.33  -0.33  -0.33  -0.33  -0.33  -0.33  -0.33  -0.33
    8 v8                 0.26  -0.24   0.18   0.11  -0.60  -0.60  -0.60  -0.60  -0.60  -0.60  -0.60  -0.60  -0.60  -0.60  -0.60  -0.60  -0.60  -0.60  -0.60  -0.60
    9 v9                 0.19   0.33   0.19   0.01   0.12   0.12   0.12   0.12   0.12   0.12   0.12   0.12   0.12   0.12   0.12   0.12   0.12   0.12   0.12   0.12
   10 v10                0.21  -0.07  -0.35  -0.19   0.16   0.16   0.16   0.16   0.16   0.16   0.16   0.16   0.16   0.16   0.16   0.16   0.16   0.16   0.16   0.16
   11 v11                0.12  -0.09  -0.01   0.42   0.24   0.24   0.24   0.24   0.24   0.24   0.24   0.24   0.24   0.24   0.24   0.24   0.24   0.24   0.24   0.24
   12 v12                0.14  -0.11   0.04   0.38   0.03   0.03   0.03   0.03   0.03   0.03   0.03   0.03   0.03   0.03   0.03   0.03   0.03   0.03   0.03   0.03
   13 v13                0.15   0.33   0.27   0.06  -0.22  -0.22  -0.22  -0.22  -0.22  -0.22  -0.22  -0.22  -0.22  -0.22  -0.22  -0.22  -0.22  -0.22  -0.22  -0.22
   14 v14                0.30   0.28  -0.24   0.14  -0.16  -0.16  -0.16  -0.16  -0.16  -0.16  -0.16  -0.16  -0.16  -0.16  -0.16  -0.16  -0.16  -0.16  -0.16  -0.16
   15 v15                0.14  -0.11   0.00   0.38   0.06   0.06   0.06   0.06   0.06   0.06   0.06   0.06   0.06   0.06   0.06   0.06   0.06   0.06   0.06   0.06
   16 v16                0.16   0.07  -0.40  -0.15  -0.06  -0.06  -0.06  -0.06  -0.06  -0.06  -0.06  -0.06  -0.06  -0.06  -0.06  -0.06  -0.06  -0.06  -0.06  -0.06
   17 v17                0.22   0.35  -0.00  -0.01  -0.07  -0.07  -0.07  -0.07  -0.07  -0.07  -0.07  -0.07  -0.07  -0.07  -0.07  -0.07  -0.07  -0.07  -0.07  -0.07
   18 v18                0.28  -0.01   0.41  -0.40   0.03   0.03   0.03   0.03   0.03   0.03   0.03   0.03   0.03   0.03   0.03   0.03   0.03   0.03   0.03   0.03
   19 v19                0.21  -0.23   0.27  -0.32   0.15   0.15   0.15   0.15   0.15   0.15   0.15   0.15   0.15   0.15   0.15   0.15   0.15   0.15   0.15   0.15
   20 v20                0.18  -0.14   0.12   0.30   0.35   0.35   0.35   0.35   0.35   0.35   0.35   0.35   0.35   0.35   0.35   0.35   0.35   0.35   0.35   0.35
4EM20v30s

               Scaled Principal End-Member Composition Matrix 

 Var.                    1      2      3      4      5      6      7      8      9     10     11     12     13     14     15     16     17     18     19     20   
   1 v1                 1.21  -1.15   0.92  -0.60   0.00   0.00   0.00   0.00   0.00   0.00   0.00   0.00   0.00   0.00   0.00   0.00   0.00   0.00   0.00   0.00
   2 v2                 1.12  -0.51  -1.34  -0.84   0.00   0.00   0.00   0.00   0.00   0.00   0.00   0.00   0.00   0.00   0.00   0.00   0.00   0.00   0.00   0.00
   3 v3                 1.42  -1.00  -0.29   0.22   0.00   0.00   0.00   0.00   0.00   0.00   0.00   0.00   0.00   0.00   0.00   0.00   0.00   0.00   0.00   0.00
   4 v4                 1.02   1.56  -0.10  -0.04   0.00   0.00   0.00   0.00   0.00   0.00   0.00   0.00   0.00   0.00   0.00   0.00   0.00   0.00   0.00   0.00
   5 v5                 0.93   1.50   0.43   0.32   0.00   0.00   0.00   0.00   0.00   0.00   0.00   0.00   0.00   0.00   0.00   0.00   0.00   0.00   0.00   0.00
   6 v6                 1.04  -0.40  -1.53  -0.55   0.00   0.00   0.00   0.00   0.00   0.00   0.00   0.00   0.00   0.00   0.00   0.00   0.00   0.00   0.00   0.00
   7 v7                 1.18  -0.88  -0.06   0.62   0.00   0.00   0.00   0.00   0.00   0.00   0.00   0.00   0.00   0.00   0.00   0.00   0.00   0.00   0.00   0.00
   8 v8                 1.16  -1.08   0.79   0.47   0.00   0.00   0.00   0.00   0.00   0.00   0.00   0.00   0.00   0.00   0.00   0.00   0.00   0.00   0.00   0.00
   9 v9                 0.84   1.46   0.83   0.05   0.00   0.00   0.00   0.00   0.00   0.00   0.00   0.00   0.00   0.00   0.00   0.00   0.00   0.00   0.00   0.00
  10 v10                0.93  -0.30  -1.57  -0.83   0.00   0.00   0.00   0.00   0.00   0.00   0.00   0.00   0.00   0.00   0.00   0.00   0.00   0.00   0.00   0.00
  11 v11                0.53  -0.40  -0.02   1.88   0.00   0.00   0.00   0.00   0.00   0.00   0.00   0.00   0.00   0.00   0.00   0.00   0.00   0.00   0.00   0.00
  12 v12                0.61  -0.50   0.17   1.70   0.00   0.00   0.00   0.00   0.00   0.00   0.00   0.00   0.00   0.00   0.00   0.00   0.00   0.00   0.00   0.00
  13 v13                0.68   1.49   1.19   0.29   0.00   0.00   0.00   0.00   0.00   0.00   0.00   0.00   0.00   0.00   0.00   0.00   0.00   0.00   0.00   0.00
  14 v14                1.36   1.26  -1.09   0.65   0.00   0.00   0.00   0.00   0.00   0.00   0.00   0.00   0.00   0.00   0.00   0.00   0.00   0.00   0.00   0.00
  15 v15                0.62  -0.48   0.01   1.69  12.73   8.62   2.05   1.75   2.17   0.59   0.01   0.06   0.03   0.08   0.01   0.49   0.29   0.11   0.10   0.09
  16 v16                0.71   0.30  -1.80  -0.65  12.73   8.62   2.05   1.75   2.17   0.59   0.01   0.06   0.03   0.07   0.01   0.49   0.29   0.11   0.10   0.09
  17 v17                1.00   1.56  -0.01  -0.06   0.00   0.00   0.00 343505376066108890000000000000000000000000000000000000000000000000000000000000000000000000000000000000000000000000000000000000000000000000000000000000000000000000000000000000000000.00   0.00   0.00   0.00   0.00   0.00   0.00   0.00   0.00 408404620311787560000000000000000000000000000000000000000000000000000000000000000000000000000000000000000000000000000000000000000000000000000000000000000000000000000000000000000000.00   0.00   0.00   0.00
  18 v18                1.26  -0.05   1.83  -1.78   0.00   0.00   0.00   0.00   0.00   0.00   0.00   0.00   0.00   0.00   0.00   0.00   0.00   0.00   0.00   0.00
  19 v19                0.95  -1.02   1.21  -1.41   0.00   0.00   0.00   0.00   0.00   0.00   0.00   0.00   0.00   0.00   0.00   0.00   0.00   0.00   0.00   0.00
  20 v20                0.79  -0.61   0.53   1.35   0.00   0.00   0.00   0.00   0.00   0.00   0.00   0.00   0.00   0.00   0.00   0.00   0.00   0.00   0.00   0.00
4EM20v30s

  Scale Factors

  E-M                       1         2         3         4     

                           1.82     13.87      8.84    -43.05

  Compositions

  Var.                      1         2         3         4     
   1 v1                   51.37    -50.41     84.48    183.56
   2 v2                    0.88     -2.57     -4.40     13.77
   3 v3                   12.67    -42.65     -4.68    -27.76
   4 v4                    8.48     58.02      1.57      7.98
   5 v5                   11.98    135.55     25.78    -88.21
   6 v6                    5.34     -7.70    -21.87     43.97
   7 v7                    2.19     -9.10      0.07    -20.55
   8 v8                    2.65    -10.74      6.48    -14.95
   9 v9                    2.60     30.70     11.30     -2.68
  10 v10                   0.31     -0.52     -1.89      5.10
  11 v11                   0.02     -0.08     -0.00     -1.21
  12 v12                   0.15     -0.93      0.21     -9.78
  13 v13                   0.08      1.39      0.70     -0.83
  14 v14                   0.05      0.30     -0.16     -0.48
  15 v15                   0.02     -0.09      0.00     -0.97
  16 v16                   0.18      0.56     -2.13      3.75
  17 v17                   0.21      2.35      0.01      0.31
  18 v18                   0.26     -0.06      1.78      8.41
  19 v19                   0.31     -2.53      1.91     10.83
  20 v20                   0.26     -1.51      0.84    -10.26
4EM20v30s

  COEF. OF DETERMINATION (KMCD)

  Number of EM                2      3  
 Var   1 v1                 0.87   0.95
 Var   2 v2                 0.22   0.87
 Var   3 v3                 0.90   0.98
 Var   4 v4                 0.98   1.00
 Var   5 v5                 0.97   0.98
 Var   6 v6                 0.15   0.95
 Var   7 v7                 0.85   0.88
 Var   8 v8                 0.86   0.95
 Var   9 v9                 0.92   1.00
 Var  10 v10                0.08   0.87
 Var  11 v11                0.21   0.22
 Var  12 v12                0.31   0.33
 Var  13 v13                0.81   0.99
 Var  14 v14                0.56   0.92
 Var  15 v15                0.30   0.31
 Var  16 v16                0.04   0.93
 Var  17 v17                0.99   1.00
 Var  18 v18                0.00   0.46
 Var  19 v19                0.55   0.71
 Var  20 v20                0.46   0.53
4EM20v30s

  Varimax Procedure needed    4 tries in this step

                    Comm.        1          2          3          4   
   1 s1              1.0000     0.5247     0.3668     0.5448     0.5416 
   2 s2              1.0000     0.5897     0.6722     0.2856     0.3446 
   3 s3              1.0000     0.4569     0.7239     0.4750     0.2037 
   4 s4              1.0000     0.7946     0.2589     0.2665     0.4802 
   5 s5              1.0000     0.5587     0.5701     0.3891     0.4598 
   6 s6              1.0000     0.5847     0.3744     0.5550     0.4583 
   7 s7              1.0000     0.8347     0.3913     0.2710     0.2769 
   8 s8              1.0000     0.1216     0.9648     0.2153     0.0899 
   9 s9              1.0000     0.2413     0.9327     0.2371     0.1248 
  10 s10             1.0000     0.9230     0.2283     0.2017     0.2350 
  11 s11             1.0000     0.7701     0.3409     0.4624     0.2774 
  12 s12             1.0000     0.2852     0.8817     0.3460     0.1470 
  13 s13             1.0000     0.8388     0.1749     0.3443     0.3838 
  14 s14             1.0000     0.5897     0.6722     0.2856     0.3446 
  15 s15             1.0000     0.3248     0.9242     0.1460     0.1383 
  16 s16             1.0000     0.3446     0.3652     0.8416     0.1991 
  17 s17             1.0000     0.0252     0.9939     0.1005    -0.0387 
  18 s18             1.0000     0.9670     0.0891     0.1394     0.1940 
  19 s19             1.0000     0.3055     0.3739     0.8695     0.1047 
  20 s20             1.0000     0.4755     0.0947     0.1538     0.8610 
  21 s21             1.0000     0.7150     0.5228     0.3846     0.2598 
  22 s22             1.0000     0.8675     0.4435     0.1606     0.1580 
  23 s23             1.0000     0.4814     0.1804     0.1844     0.8377 
  24 s24             1.0000     0.6002     0.5257     0.4382     0.4140 
  25 s25             1.0000     0.4388     0.6900     0.3839     0.4289 
  26 s26             1.0000     0.7310     0.4704     0.4701     0.1530 
  27 s27             1.0000     0.6889     0.2375     0.4720     0.4963 
  28 s28             1.0000     0.9051     0.1908     0.2486     0.2875 
  29 s29             1.0000     0.2791     0.8736     0.3054     0.2565 
  30 s30             1.0000     0.3333     0.4512     0.8046     0.1949 

          Variance             36.6975    32.3084    17.3885    13.6056  

          Cum. Var             36.6975    69.0059    86.3944   100.0000  
4EM20v30s

  Normalized Varimax Coordinates

                     Comm.       1          2          3          4    
   1 s1              1.0000     0.2653     0.1855     0.2754     0.2738 
   2 s2              1.0000     0.3117     0.3553     0.1509     0.1821 
   3 s3              1.0000     0.2457     0.3893     0.2554     0.1096 
   4 s4              1.0000     0.4414     0.1438     0.1481     0.2667 
   5 s5              1.0000     0.2825     0.2883     0.1968     0.2325 
   6 s6              1.0000     0.2965     0.1898     0.2814     0.2323 
   7 s7              1.0000     0.4705     0.2206     0.1528     0.1561 
   8 s8              1.0000     0.0874     0.6933     0.1547     0.0646 
   9 s9              1.0000     0.1571     0.6073     0.1544     0.0813 
  10 s10             1.0000     0.5813     0.1438     0.1270     0.1480 
  11 s11             1.0000     0.4161     0.1842     0.2498     0.1499 
  12 s12             1.0000     0.1718     0.5312     0.2084     0.0886 
  13 s13             1.0000     0.4816     0.1004     0.1976     0.2204 
  14 s14             1.0000     0.3117     0.3553     0.1509     0.1821 
  15 s15             1.0000     0.2118     0.6028     0.0952     0.0902 
  16 s16             1.0000     0.1969     0.2086     0.4808     0.1137 
  17 s17             1.0000     0.0233     0.9195     0.0930    -0.0358 
  18 s18             1.0000     0.6959     0.0641     0.1003     0.1396 
  19 s19             1.0000     0.1847     0.2261     0.5258     0.0633 
  20 s20             1.0000     0.3000     0.0597     0.0970     0.5433 
  21 s21             1.0000     0.3799     0.2778     0.2043     0.1380 
  22 s22             1.0000     0.5323     0.2722     0.0985     0.0969 
  23 s23             1.0000     0.2859     0.1071     0.1095     0.4975 
  24 s24             1.0000     0.3034     0.2658     0.2215     0.2093 
  25 s25             1.0000     0.2260     0.3554     0.1977     0.2209 
  26 s26             1.0000     0.4007     0.2578     0.2576     0.0838 
  27 s27             1.0000     0.3636     0.1254     0.2491     0.2619 
  28 s28             1.0000     0.5546     0.1169     0.1523     0.1762 
  29 s29             1.0000     0.1628     0.5095     0.1781     0.1496 
  30 s30             1.0000     0.1868     0.2529     0.4510     0.1092 

                     >= 0.1       28         28         26         22   
                      < 0.1        2          2          4          8   
4EM20v30s

       VARIMAX End-Member Composition Matrix

 Var.                      1       2       3       4   
    1 v1                0.443  -0.004  -0.052   0.043 
    2 v2                0.186  -0.047   0.404  -0.025 
    3 v3                0.277  -0.015   0.170   0.227 
    4 v4               -0.049   0.393   0.131  -0.032 
    5 v5               -0.043   0.408  -0.001   0.028 
    6 v6                0.119  -0.045   0.421   0.019 
    7 v7                0.211  -0.003   0.085   0.277 
    8 v8                0.316   0.010  -0.081   0.248 
    9 v9                0.006   0.412  -0.075  -0.035 
   10 v10               0.114  -0.049   0.433  -0.051 
   11 v11              -0.052   0.022  -0.038   0.442 
   12 v12               0.004   0.024  -0.062   0.415 
   13 v13              -0.013   0.424  -0.172  -0.007 
   14 v14              -0.110   0.330   0.323   0.163 
   15 v15              -0.009   0.019  -0.027   0.416 
   16 v16              -0.024   0.019   0.455  -0.070 
   17 v17              -0.042   0.394   0.111  -0.040 
   18 v18               0.500   0.233  -0.161  -0.273 
   19 v19               0.488  -0.009  -0.095  -0.150 
   20 v20               0.106   0.044  -0.100   0.363 
4EM20v30s

         Scaled Varimax End-Member Composition Matrix

 Var.                      1       2       3       4   
    1 v1                1.980  -0.019  -0.232   0.193 
    2 v2                0.832  -0.208   1.806  -0.114 
    3 v3                1.240  -0.069   0.762   1.014 
    4 v4               -0.217   1.757   0.585  -0.145 
    5 v5               -0.193   1.826  -0.004   0.127 
    6 v6                0.533  -0.201   1.883   0.085 
    7 v7                0.945  -0.014   0.380   1.239 
    8 v8                1.413   0.044  -0.364   1.107 
    9 v9                0.029   1.843  -0.337  -0.158 
   10 v10               0.510  -0.218   1.936  -0.227 
   11 v11              -0.233   0.100  -0.169   1.975 
   12 v12               0.019   0.109  -0.277   1.854 
   13 v13              -0.058   1.894  -0.769  -0.031 
   14 v14              -0.490   1.475   1.445   0.728 
   15 v15              -0.039   0.086  -0.120   1.861 
   16 v16              -0.109   0.086   2.033  -0.313 
   17 v17              -0.187   1.764   0.497  -0.180 
   18 v18               2.236   1.044  -0.721  -1.221 
   19 v19               2.183  -0.039  -0.424  -0.672 
   20 v20               0.474   0.197  -0.447   1.623 
4EM20v30s

  Scale Factors

  E-M                       1         2         3         4     

                           2.78      2.57      7.39      6.98

  Compositions

  Var.                      1         2         3         4     
   1 v1                   69.79     38.72     29.42     46.53
   2 v2                    0.98     -0.10      5.17     -0.20
   3 v3                   15.57      3.41     22.89     27.75
   4 v4                    2.29     15.11     14.63      1.26
   5 v5                   -2.49     31.45      0.82      6.76
   6 v6                    4.62      1.09     26.59      3.05
   7 v7                    2.56      0.47      2.70      7.27
   8 v8                    4.08      1.09     -1.10      7.05
   9 v9                    0.42      7.40     -3.43     -1.36
  10 v10                   0.27     -0.01      2.09     -0.15
  11 v11                  -0.01      0.01     -0.02      0.21
  12 v12                   0.01      0.04     -0.27      1.74
  13 v13                  -0.01      0.33     -0.38     -0.01
  14 v14                  -0.02      0.07      0.19      0.09
  15 v15                  -0.00      0.00     -0.01      0.17
  16 v16                  -0.04      0.03      2.02     -0.29
  17 v17                  -0.04      0.51      0.41     -0.12
  18 v18                   0.69      0.30     -0.57     -0.92
  19 v19                   1.09     -0.02     -0.56     -0.84
  20 v20                   0.24      0.10     -0.58      2.02
4EM20v30s

  Varimax Procedure needed    3 tries in this step

                    Comm.        1          2          3   
   1 s1              0.9699     0.7029     0.3632     0.5864 
   2 s2              0.9977     0.6696     0.6806     0.2934 
   3 s3              0.9967     0.4901     0.7345     0.4659 
   4 s4              0.9966     0.9205     0.2706     0.2758 
   5 s5              0.9821     0.6935     0.5714     0.4179 
   6 s6              0.9946     0.7216     0.3782     0.5752 
   7 s7              0.9832     0.8676     0.4157     0.2401 
   8 s8              0.9974     0.1314     0.9639     0.2256 
   9 s9              0.9993     0.2553     0.9358     0.2416 
  10 s10             0.9600     0.9322     0.2593     0.1543 
  11 s11             0.9787     0.8120     0.3631     0.4330 
  12 s12             1.0000     0.3064     0.8863     0.3474 
  13 s13             0.9955     0.9217     0.1945     0.3288 
  14 s14             0.9977     0.6696     0.6806     0.2934 
  15 s15             0.9995     0.3360     0.9301     0.1468 
  16 s16             0.9864     0.3966     0.3732     0.8306 
  17 s17             1.0000    -0.0122     0.9950     0.0992 
  18 s18             0.9370     0.9566     0.1246     0.0801 
  19 s19             0.9642     0.3210     0.3853     0.8442 
  20 s20             0.7096     0.7965     0.0702     0.2649 
  21 s21             0.9879     0.7505     0.5426     0.3609 
  22 s22             0.9509     0.8446     0.4754     0.1075 
  23 s23             0.7344     0.7906     0.1573     0.2909 
  24 s24             0.9960     0.7128     0.5318     0.4529 
  25 s25             0.9726     0.5696     0.6870     0.4198 
  26 s26             0.9460     0.7211     0.4973     0.4226 
  27 s27             0.9948     0.8340     0.2442     0.4896 
  28 s28             0.9749     0.9394     0.2184     0.2112 
  29 s29             0.9883     0.3474     0.8716     0.3284 
  30 s30             0.9896     0.3826     0.4586     0.7956 

          Variance             46.0300    33.0963    17.4786  

          Cum. Var             46.0300    79.1263    96.6049  
4EM20v30s

  Normalized Varimax Coordinates

                     Comm.       1          2          3    
   1 s1              0.9699     0.4254     0.2198     0.3548 
   2 s2              0.9977     0.4074     0.4141     0.1785 
   3 s3              0.9967     0.2899     0.4345     0.2756 
   4 s4              0.9966     0.6275     0.1845     0.1880 
   5 s5              0.9821     0.4121     0.3395     0.2483 
   6 s6              0.9946     0.4308     0.2258     0.3434 
   7 s7              0.9832     0.5695     0.2729     0.1576 
   8 s8              0.9974     0.0995     0.7297     0.1708 
   9 s9              0.9993     0.1782     0.6532     0.1686 
  10 s10             0.9600     0.6927     0.1927     0.1147 
  11 s11             0.9787     0.5049     0.2258     0.2693 
  12 s12             1.0000     0.1990     0.5755     0.2256 
  13 s13             0.9955     0.6378     0.1346     0.2276 
  14 s14             0.9977     0.4074     0.4141     0.1785 
  15 s15             0.9995     0.2378     0.6583     0.1039 
  16 s16             0.9864     0.2478     0.2332     0.5190 
  17 s17             1.0000    -0.0112     0.9196     0.0916 
  18 s18             0.9370     0.8237     0.1073     0.0690 
  19 s19             0.9642     0.2070     0.2485     0.5445 
  20 s20             0.7096     0.7039     0.0620     0.2341 
  21 s21             0.9879     0.4537     0.3281     0.2182 
  22 s22             0.9509     0.5917     0.3330     0.0753 
  23 s23             0.7344     0.6382     0.1270     0.2348 
  24 s24             0.9960     0.4199     0.3133     0.2668 
  25 s25             0.9726     0.3397     0.4098     0.2504 
  26 s26             0.9460     0.4394     0.3031     0.2575 
  27 s27             0.9948     0.5319     0.1558     0.3123 
  28 s28             0.9749     0.6862     0.1595     0.1543 
  29 s29             0.9883     0.2245     0.5633     0.2122 
  30 s30             0.9896     0.2338     0.2802     0.4861 

                     >= 0.1       28         29         27   
                      < 0.1        2          1          3   
4EM20v30s

       VARIMAX End-Member Composition Matrix

 Var.                      1       2       3   
    1 v1                0.418   0.014  -0.085 
    2 v2                0.162  -0.034   0.372 
    3 v3                0.349  -0.014   0.182 
    4 v4               -0.064   0.392   0.131 
    5 v5               -0.035   0.404   0.013 
    6 v6                0.120  -0.038   0.403 
    7 v7                0.310  -0.008   0.114 
    8 v8                0.390   0.011  -0.064 
    9 v9               -0.018   0.413  -0.077 
   10 v10               0.086  -0.038   0.402 
   11 v11               0.140  -0.005   0.050 
   12 v12               0.180   0.001   0.016 
   13 v13              -0.024   0.421  -0.164 
   14 v14              -0.033   0.316   0.360 
   15 v15               0.169  -0.004   0.052 
   16 v16              -0.048   0.024   0.434 
   17 v17              -0.062   0.394   0.109 
   18 v18               0.330   0.271  -0.254 
   19 v19               0.377   0.022  -0.168 
   20 v20               0.249   0.028  -0.040 
4EM20v30s

         Scaled Varimax End-Member Composition Matrix

 Var.                      1       2       3   
    1 v1                1.871   0.063  -0.382 
    2 v2                0.723  -0.154   1.662 
    3 v3                1.561  -0.063   0.813 
    4 v4               -0.287   1.753   0.584 
    5 v5               -0.156   1.805   0.058 
    6 v6                0.538  -0.171   1.804 
    7 v7                1.386  -0.036   0.510 
    8 v8                1.746   0.048  -0.286 
    9 v9               -0.080   1.847  -0.342 
   10 v10               0.386  -0.172   1.800 
   11 v11               0.628  -0.021   0.224 
   12 v12               0.803   0.006   0.072 
   13 v13              -0.109   1.885  -0.732 
   14 v14              -0.149   1.414   1.610 
   15 v15               0.756  -0.019   0.231 
   16 v16              -0.216   0.106   1.942 
   17 v17              -0.275   1.762   0.489 
   18 v18               1.475   1.211  -1.135 
   19 v19               1.684   0.100  -0.750 
   20 v20               1.113   0.127  -0.180 
4EM20v30s

  Scale Factors

  E-M                       1         2         3     

                           2.63      2.52      7.79

  Compositions

  Var.                      1         2         3     
   1 v1                   66.55     39.88     22.37
   2 v2                    0.82     -0.05      5.03
   3 v3                   17.80      3.47     25.24
   4 v4                    1.90     14.84     15.21
   5 v5                   -1.67     30.45      3.91
   6 v6                    4.51      1.24     26.84
   7 v7                    3.36      0.43      3.61
   8 v8                    4.60      1.09     -0.75
   9 v9                   -0.02      7.26     -3.70
  10 v10                   0.21      0.01      2.05
  11 v11                   0.03      0.00      0.03
  12 v12                   0.28      0.00      0.08
  13 v13                  -0.02      0.32     -0.38
  14 v14                  -0.00      0.06      0.22
  15 v15                   0.03     -0.00      0.02
  16 v16                  -0.08      0.04      2.03
  17 v17                  -0.06      0.50      0.43
  18 v18                   0.44      0.34     -0.96
  19 v19                   0.79      0.05     -1.04
  20 v20                   0.53      0.06     -0.24
4EM20v30s

  Varimax Procedure needed    2 tries in this step

                    Comm.        1          2   
   1 s1              0.9227     0.8246     0.4926 
   2 s2              0.9801     0.6899     0.7101 
   3 s3              0.9929     0.5667     0.8196 
   4 s4              0.9861     0.9455     0.3037 
   5 s5              0.9821     0.7551     0.6417 
   6 s6              0.9558     0.8384     0.5029 
   7 s7              0.9570     0.8769     0.4337 
   8 s8              0.9835     0.1416     0.9816 
   9 s9              0.9820     0.2660     0.9546 
  10 s10             0.9147     0.9214     0.2564 
  11 s11             0.9767     0.8835     0.4428 
  12 s12             0.9987     0.3486     0.9366 
  13 s13             0.9945     0.9662     0.2467 
  14 s14             0.9801     0.6899     0.7101 
  15 s15             0.9419     0.3153     0.9179 
  16 s16             0.7087     0.6039     0.5866 
  17 s17             0.9604    -0.0343     0.9794 
  18 s18             0.8755     0.9298     0.1049 
  19 s19             0.6526     0.5352     0.6051 
  20 s20             0.7093     0.8345     0.1141 
  21 s21             0.9850     0.7942     0.5952 
  22 s22             0.8650     0.8127     0.4523 
  23 s23             0.7341     0.8318     0.2052 
  24 s24             0.9942     0.7859     0.6136 
  25 s25             0.9725     0.6314     0.7576 
  26 s26             0.9455     0.7867     0.5714 
  27 s27             0.9791     0.9273     0.3452 
  28 s28             0.9520     0.9472     0.2340 
  29 s29             0.9845     0.3828     0.9154 
  30 s30             0.7647     0.5758     0.6582 

          Variance             52.7681    39.3380  

          Cum. Var             52.7681    92.1061  
4EM20v30s

  Normalized Varimax Coordinates

                     Comm.       1          2    
   1 s1              0.9227     0.6260     0.3740 
   2 s2              0.9801     0.4928     0.5072 
   3 s3              0.9929     0.4088     0.5912 
   4 s4              0.9861     0.7569     0.2431 
   5 s5              0.9821     0.5406     0.4594 
   6 s6              0.9558     0.6250     0.3750 
   7 s7              0.9570     0.6691     0.3309 
   8 s8              0.9835     0.1261     0.8739 
   9 s9              0.9820     0.2179     0.7821 
  10 s10             0.9147     0.7823     0.2177 
  11 s11             0.9767     0.6661     0.3339 
  12 s12             0.9987     0.2712     0.7288 
  13 s13             0.9945     0.7966     0.2034 
  14 s14             0.9801     0.4928     0.5072 
  15 s15             0.9419     0.2557     0.7443 
  16 s16             0.7087     0.5073     0.4927 
  17 s17             0.9604    -0.0363     1.0363 
  18 s18             0.8755     0.8986     0.1014 
  19 s19             0.6526     0.4693     0.5307 
  20 s20             0.7093     0.8797     0.1203 
  21 s21             0.9850     0.5716     0.4284 
  22 s22             0.8650     0.6425     0.3575 
  23 s23             0.7341     0.8021     0.1979 
  24 s24             0.9942     0.5616     0.4384 
  25 s25             0.9725     0.4546     0.5454 
  26 s26             0.9455     0.5793     0.4207 
  27 s27             0.9791     0.7287     0.2713 
  28 s28             0.9520     0.8019     0.1981 
  29 s29             0.9845     0.2949     0.7051 
  30 s30             0.7647     0.4666     0.5334 

                     >= 0.1       29         30   
                      < 0.1        1          0   
4EM20v30s

       VARIMAX End-Member Composition Matrix

 Var.                      1       2   
    1 v1                0.373  -0.028 
    2 v2                0.266   0.071 
    3 v3                0.387   0.027 
    4 v4               -0.043   0.415 
    5 v5               -0.051   0.390 
    6 v6                0.236   0.078 
    7 v7                0.330   0.014 
    8 v8                0.353  -0.024 
    9 v9               -0.061   0.372 
   10 v10               0.203   0.079 
   11 v11               0.149   0.005 
   12 v12               0.176  -0.001 
   13 v13              -0.093   0.355 
   14 v14               0.058   0.410 
   15 v15               0.177   0.005 
   16 v16               0.081   0.153 
   17 v17              -0.047   0.411 
   18 v18               0.226   0.170 
   19 v19               0.309  -0.043 
   20 v20               0.224   0.005 
4EM20v30s

         Scaled Varimax End-Member Composition Matrix

 Var.                      1       2   
    1 v1                1.669  -0.127 
    2 v2                1.188   0.317 
    3 v3                1.733   0.119 
    4 v4               -0.193   1.857 
    5 v5               -0.226   1.746 
    6 v6                1.055   0.350 
    7 v7                1.475   0.062 
    8 v8                1.579  -0.107 
    9 v9               -0.274   1.665 
   10 v10               0.908   0.354 
   11 v11               0.666   0.022 
   12 v12               0.787  -0.005 
   13 v13              -0.418   1.586 
   14 v14               0.259   1.832 
   15 v15               0.790   0.020 
   16 v16               0.361   0.685 
   17 v17              -0.210   1.838 
   18 v18               1.009   0.761 
   19 v19               1.381  -0.193 
   20 v20               1.003   0.024 
4EM20v30s

  Scale Factors

  E-M                       1         2     

                           2.64      2.48

  Compositions

  Var.                      1         2     
   1 v1                   63.60     37.24
   2 v2                    1.29      0.40
   3 v3                   19.32      5.00
   4 v4                    2.52     15.35
   5 v5                   -2.87     29.13
   6 v6                    6.91      3.53
   7 v7                    3.54      0.62
   8 v8                    4.26      0.79
   9 v9                   -0.78      6.50
  10 v10                   0.41      0.19
  11 v11                   0.03      0.00
  12 v12                   0.28     -0.00
  13 v13                  -0.07      0.26
  14 v14                   0.01      0.08
  15 v15                   0.03      0.00
  16 v16                   0.13      0.23
  17 v17                  -0.04      0.51
  18 v18                   0.30      0.22
  19 v19                   0.65     -0.08
  20 v20                   0.48      0.02
